ApplicationMobileAgent/TestIHM/QML/build-TestCamera-Android_for_armeabi_v7a_arm64_v8a_x86_x86_64_Clang_Qt_5_15_0_for_Android-Debug/android-build/build/intermediates/manifest_merge_blame_file/debug/manifest-merger-blame-debug-report.txt
1<?xml version="1.0" encoding="utf-8"?>
2<manifest xmlns:android="http://schemas.android.com/apk/res/android"
3    package="org.qtproject.example"
4    android:installLocation="auto"
5    android:versionCode="1"
6    android:versionName="1.0" >
7
8    <uses-sdk
9        android:minSdkVersion="21"
9-->build-TestCamera-Android_for_armeabi_v7a_arm64_v8a_x86_x86_64_Clang_Qt_5_15_0_for_Android-Debug/android-build/AndroidManifest.xml
10        android:targetSdkVersion="28" />
10-->build-TestCamera-Android_for_armeabi_v7a_arm64_v8a_x86_x86_64_Clang_Qt_5_15_0_for_Android-Debug/android-build/AndroidManifest.xml
11    <!--
12         The following comment will be replaced upon deployment with default permissions based on the dependencies of the application.
13         Remove the comment if you do not require these default permissions.
14    -->
15    <uses-permission android:name="android.permission.ACCESS_NETWORK_STATE" />
15-->build-TestCamera-Android_for_armeabi_v7a_arm64_v8a_x86_x86_64_Clang_Qt_5_15_0_for_Android-Debug/android-build/AndroidManifest.xml:5:5-79
15-->build-TestCamera-Android_for_armeabi_v7a_arm64_v8a_x86_x86_64_Clang_Qt_5_15_0_for_Android-Debug/android-build/AndroidManifest.xml:5:22-76
16    <uses-permission android:name="android.permission.INTERNET" />
16-->build-TestCamera-Android_for_armeabi_v7a_arm64_v8a_x86_x86_64_Clang_Qt_5_15_0_for_Android-Debug/android-build/AndroidManifest.xml:6:5-67
16-->build-TestCamera-Android_for_armeabi_v7a_arm64_v8a_x86_x86_64_Clang_Qt_5_15_0_for_Android-Debug/android-build/AndroidManifest.xml:6:22-64
17    <uses-permission android:name="android.permission.WRITE_EXTERNAL_STORAGE" />
17-->build-TestCamera-Android_for_armeabi_v7a_arm64_v8a_x86_x86_64_Clang_Qt_5_15_0_for_Android-Debug/android-build/AndroidManifest.xml:7:5-81
17-->build-TestCamera-Android_for_armeabi_v7a_arm64_v8a_x86_x86_64_Clang_Qt_5_15_0_for_Android-Debug/android-build/AndroidManifest.xml:7:22-78
18    <uses-permission android:name="android.permission.CAMERA" />
18-->build-TestCamera-Android_for_armeabi_v7a_arm64_v8a_x86_x86_64_Clang_Qt_5_15_0_for_Android-Debug/android-build/AndroidManifest.xml:8:5-65
18-->build-TestCamera-Android_for_armeabi_v7a_arm64_v8a_x86_x86_64_Clang_Qt_5_15_0_for_Android-Debug/android-build/AndroidManifest.xml:8:22-62
19    <uses-permission android:name="android.permission.RECORD_AUDIO" />
19-->build-TestCamera-Android_for_armeabi_v7a_arm64_v8a_x86_x86_64_Clang_Qt_5_15_0_for_Android-Debug/android-build/AndroidManifest.xml:9:5-71
19-->build-TestCamera-Android_for_armeabi_v7a_arm64_v8a_x86_x86_64_Clang_Qt_5_15_0_for_Android-Debug/android-build/AndroidManifest.xml:9:22-68
20
21    <!--
22         The following comment will be replaced upon deployment with default features based on the dependencies of the application.
23         Remove the comment if you do not require these default features.
24    -->
25    <uses-feature
25-->build-TestCamera-Android_for_armeabi_v7a_arm64_v8a_x86_x86_64_Clang_Qt_5_15_0_for_Android-Debug/android-build/AndroidManifest.xml:13:5-85
26        android:name="android.hardware.camera"
26-->build-TestCamera-Android_for_armeabi_v7a_arm64_v8a_x86_x86_64_Clang_Qt_5_15_0_for_Android-Debug/android-build/AndroidManifest.xml:13:19-57
27        android:required="false" />
27-->build-TestCamera-Android_for_armeabi_v7a_arm64_v8a_x86_x86_64_Clang_Qt_5_15_0_for_Android-Debug/android-build/AndroidManifest.xml:13:58-82
28    <uses-feature
28-->build-TestCamera-Android_for_armeabi_v7a_arm64_v8a_x86_x86_64_Clang_Qt_5_15_0_for_Android-Debug/android-build/AndroidManifest.xml:14:5-95
29        android:name="android.hardware.camera.autofocus"
29-->build-TestCamera-Android_for_armeabi_v7a_arm64_v8a_x86_x86_64_Clang_Qt_5_15_0_for_Android-Debug/android-build/AndroidManifest.xml:14:19-67
30        android:required="false" />
30-->build-TestCamera-Android_for_armeabi_v7a_arm64_v8a_x86_x86_64_Clang_Qt_5_15_0_for_Android-Debug/android-build/AndroidManifest.xml:14:68-92
31    <uses-feature
31-->build-TestCamera-Android_for_armeabi_v7a_arm64_v8a_x86_x86_64_Clang_Qt_5_15_0_for_Android-Debug/android-build/AndroidManifest.xml:15:5-89
32        android:name="android.hardware.microphone"
32-->build-TestCamera-Android_for_armeabi_v7a_arm64_v8a_x86_x86_64_Clang_Qt_5_15_0_for_Android-Debug/android-build/AndroidManifest.xml:15:19-61
33        android:required="false" />
33-->build-TestCamera-Android_for_armeabi_v7a_arm64_v8a_x86_x86_64_Clang_Qt_5_15_0_for_Android-Debug/android-build/AndroidManifest.xml:15:62-86
34
35    <supports-screens
35-->build-TestCamera-Android_for_armeabi_v7a_arm64_v8a_x86_x86_64_Clang_Qt_5_15_0_for_Android-Debug/android-build/AndroidManifest.xml:17:5-135
36        android:anyDensity="true"
36-->build-TestCamera-Android_for_armeabi_v7a_arm64_v8a_x86_x86_64_Clang_Qt_5_15_0_for_Android-Debug/android-build/AndroidManifest.xml:17:80-105
37        android:largeScreens="true"
37-->build-TestCamera-Android_for_armeabi_v7a_arm64_v8a_x86_x86_64_Clang_Qt_5_15_0_for_Android-Debug/android-build/AndroidManifest.xml:17:23-50
38        android:normalScreens="true"
38-->build-TestCamera-Android_for_armeabi_v7a_arm64_v8a_x86_x86_64_Clang_Qt_5_15_0_for_Android-Debug/android-build/AndroidManifest.xml:17:51-79
39        android:smallScreens="true" />
39-->build-TestCamera-Android_for_armeabi_v7a_arm64_v8a_x86_x86_64_Clang_Qt_5_15_0_for_Android-Debug/android-build/AndroidManifest.xml:17:106-133
40
41    <uses-permission android:name="android.permission.CAMERA" />
41-->build-TestCamera-Android_for_armeabi_v7a_arm64_v8a_x86_x86_64_Clang_Qt_5_15_0_for_Android-Debug/android-build/AndroidManifest.xml:8:5-65
41-->build-TestCamera-Android_for_armeabi_v7a_arm64_v8a_x86_x86_64_Clang_Qt_5_15_0_for_Android-Debug/android-build/AndroidManifest.xml:8:22-62
42    <uses-permission android:name="android.permission.WRITE_EXTERNAL_STORAGE" />
42-->build-TestCamera-Android_for_armeabi_v7a_arm64_v8a_x86_x86_64_Clang_Qt_5_15_0_for_Android-Debug/android-build/AndroidManifest.xml:7:5-81
42-->build-TestCamera-Android_for_armeabi_v7a_arm64_v8a_x86_x86_64_Clang_Qt_5_15_0_for_Android-Debug/android-build/AndroidManifest.xml:7:22-78
43    <uses-permission android:name="android.permission.READ_EXTERNAL_STORAGE" />
43-->build-TestCamera-Android_for_armeabi_v7a_arm64_v8a_x86_x86_64_Clang_Qt_5_15_0_for_Android-Debug/android-build/AndroidManifest.xml:93:1-75
43-->build-TestCamera-Android_for_armeabi_v7a_arm64_v8a_x86_x86_64_Clang_Qt_5_15_0_for_Android-Debug/android-build/AndroidManifest.xml:93:18-73
44
45    <application
45-->build-TestCamera-Android_for_armeabi_v7a_arm64_v8a_x86_x86_64_Clang_Qt_5_15_0_for_Android-Debug/android-build/AndroidManifest.xml:19:5-89:19
46        android:name="org.qtproject.qt5.android.bindings.QtApplication"
46-->build-TestCamera-Android_for_armeabi_v7a_arm64_v8a_x86_x86_64_Clang_Qt_5_15_0_for_Android-Debug/android-build/AndroidManifest.xml:19:53-116
47        android:debuggable="true"
48        android:extractNativeLibs="true"
48-->build-TestCamera-Android_for_armeabi_v7a_arm64_v8a_x86_x86_64_Clang_Qt_5_15_0_for_Android-Debug/android-build/AndroidManifest.xml:19:144-176
49        android:hardwareAccelerated="true"
49-->build-TestCamera-Android_for_armeabi_v7a_arm64_v8a_x86_x86_64_Clang_Qt_5_15_0_for_Android-Debug/android-build/AndroidManifest.xml:19:18-52
50        android:label="TestCamera" >
50-->build-TestCamera-Android_for_armeabi_v7a_arm64_v8a_x86_x86_64_Clang_Qt_5_15_0_for_Android-Debug/android-build/AndroidManifest.xml:19:117-143
51        <activity
51-->build-TestCamera-Android_for_armeabi_v7a_arm64_v8a_x86_x86_64_Clang_Qt_5_15_0_for_Android-Debug/android-build/AndroidManifest.xml:20:9-85:16
52            android:name="org.qtproject.qt5.android.bindings.QtActivity"
52-->build-TestCamera-Android_for_armeabi_v7a_arm64_v8a_x86_x86_64_Clang_Qt_5_15_0_for_Android-Debug/android-build/AndroidManifest.xml:20:189-249
53            android:configChanges="orientation|uiMode|screenLayout|screenSize|smallestScreenSize|layoutDirection|locale|fontScale|keyboard|keyboardHidden|navigation|mcc|mnc|density"
53-->build-TestCamera-Android_for_armeabi_v7a_arm64_v8a_x86_x86_64_Clang_Qt_5_15_0_for_Android-Debug/android-build/AndroidManifest.xml:20:19-188
54            android:label="TestCamera"
54-->build-TestCamera-Android_for_armeabi_v7a_arm64_v8a_x86_x86_64_Clang_Qt_5_15_0_for_Android-Debug/android-build/AndroidManifest.xml:20:250-276
55            android:launchMode="singleTop"
55-->build-TestCamera-Android_for_armeabi_v7a_arm64_v8a_x86_x86_64_Clang_Qt_5_15_0_for_Android-Debug/android-build/AndroidManifest.xml:20:317-347
56            android:screenOrientation="unspecified" >
56-->build-TestCamera-Android_for_armeabi_v7a_arm64_v8a_x86_x86_64_Clang_Qt_5_15_0_for_Android-Debug/android-build/AndroidManifest.xml:20:277-316
57            <intent-filter>
57-->build-TestCamera-Android_for_armeabi_v7a_arm64_v8a_x86_x86_64_Clang_Qt_5_15_0_for_Android-Debug/android-build/AndroidManifest.xml:21:13-24:29
58                <action android:name="android.intent.action.MAIN" />
58-->build-TestCamera-Android_for_armeabi_v7a_arm64_v8a_x86_x86_64_Clang_Qt_5_15_0_for_Android-Debug/android-build/AndroidManifest.xml:22:17-68
58-->build-TestCamera-Android_for_armeabi_v7a_arm64_v8a_x86_x86_64_Clang_Qt_5_15_0_for_Android-Debug/android-build/AndroidManifest.xml:22:25-66
59
60                <category android:name="android.intent.category.LAUNCHER" />
60-->build-TestCamera-Android_for_armeabi_v7a_arm64_v8a_x86_x86_64_Clang_Qt_5_15_0_for_Android-Debug/android-build/AndroidManifest.xml:23:17-76
60-->build-TestCamera-Android_for_armeabi_v7a_arm64_v8a_x86_x86_64_Clang_Qt_5_15_0_for_Android-Debug/android-build/AndroidManifest.xml:23:27-74
61            </intent-filter>
62
63            <!-- Application arguments -->
64            <!-- meta-data android:name="android.app.arguments" android:value="arg1 arg2 arg3"/ -->
65            <!-- Application arguments -->
66
67            <meta-data
67-->build-TestCamera-Android_for_armeabi_v7a_arm64_v8a_x86_x86_64_Clang_Qt_5_15_0_for_Android-Debug/android-build/AndroidManifest.xml:30:13-88
68                android:name="android.app.lib_name"
68-->build-TestCamera-Android_for_armeabi_v7a_arm64_v8a_x86_x86_64_Clang_Qt_5_15_0_for_Android-Debug/android-build/AndroidManifest.xml:30:24-59
69                android:value="TestCamera" />
69-->build-TestCamera-Android_for_armeabi_v7a_arm64_v8a_x86_x86_64_Clang_Qt_5_15_0_for_Android-Debug/android-build/AndroidManifest.xml:30:60-86
70            <meta-data
70-->build-TestCamera-Android_for_armeabi_v7a_arm64_v8a_x86_x86_64_Clang_Qt_5_15_0_for_Android-Debug/android-build/AndroidManifest.xml:31:13-112
71                android:name="android.app.qt_sources_resource_id"
71-->build-TestCamera-Android_for_armeabi_v7a_arm64_v8a_x86_x86_64_Clang_Qt_5_15_0_for_Android-Debug/android-build/AndroidManifest.xml:31:24-73
72                android:resource="@array/qt_sources" />
72-->build-TestCamera-Android_for_armeabi_v7a_arm64_v8a_x86_x86_64_Clang_Qt_5_15_0_for_Android-Debug/android-build/AndroidManifest.xml:31:74-110
73            <meta-data
73-->build-TestCamera-Android_for_armeabi_v7a_arm64_v8a_x86_x86_64_Clang_Qt_5_15_0_for_Android-Debug/android-build/AndroidManifest.xml:32:13-87
74                android:name="android.app.repository"
74-->build-TestCamera-Android_for_armeabi_v7a_arm64_v8a_x86_x86_64_Clang_Qt_5_15_0_for_Android-Debug/android-build/AndroidManifest.xml:32:24-61
75                android:value="default" />
75-->build-TestCamera-Android_for_armeabi_v7a_arm64_v8a_x86_x86_64_Clang_Qt_5_15_0_for_Android-Debug/android-build/AndroidManifest.xml:32:62-85
76            <meta-data
76-->build-TestCamera-Android_for_armeabi_v7a_arm64_v8a_x86_x86_64_Clang_Qt_5_15_0_for_Android-Debug/android-build/AndroidManifest.xml:33:13-106
77                android:name="android.app.qt_libs_resource_id"
77-->build-TestCamera-Android_for_armeabi_v7a_arm64_v8a_x86_x86_64_Clang_Qt_5_15_0_for_Android-Debug/android-build/AndroidManifest.xml:33:24-70
78                android:resource="@array/qt_libs" />
78-->build-TestCamera-Android_for_armeabi_v7a_arm64_v8a_x86_x86_64_Clang_Qt_5_15_0_for_Android-Debug/android-build/AndroidManifest.xml:33:71-104
79            <meta-data
79-->build-TestCamera-Android_for_armeabi_v7a_arm64_v8a_x86_x86_64_Clang_Qt_5_15_0_for_Android-Debug/android-build/AndroidManifest.xml:34:13-116
80                android:name="android.app.bundled_libs_resource_id"
80-->build-TestCamera-Android_for_armeabi_v7a_arm64_v8a_x86_x86_64_Clang_Qt_5_15_0_for_Android-Debug/android-build/AndroidManifest.xml:34:24-75
81                android:resource="@array/bundled_libs" />
81-->build-TestCamera-Android_for_armeabi_v7a_arm64_v8a_x86_x86_64_Clang_Qt_5_15_0_for_Android-Debug/android-build/AndroidManifest.xml:34:76-114
82            <!-- Deploy Qt libs as part of package -->
83            <meta-data
83-->build-TestCamera-Android_for_armeabi_v7a_arm64_v8a_x86_x86_64_Clang_Qt_5_15_0_for_Android-Debug/android-build/AndroidManifest.xml:36:13-91
84                android:name="android.app.bundle_local_qt_libs"
84-->build-TestCamera-Android_for_armeabi_v7a_arm64_v8a_x86_x86_64_Clang_Qt_5_15_0_for_Android-Debug/android-build/AndroidManifest.xml:36:24-71
85                android:value="1" />
85-->build-TestCamera-Android_for_armeabi_v7a_arm64_v8a_x86_x86_64_Clang_Qt_5_15_0_for_Android-Debug/android-build/AndroidManifest.xml:36:72-89
86
87            <!-- Run with local libs -->
88            <meta-data
88-->build-TestCamera-Android_for_armeabi_v7a_arm64_v8a_x86_x86_64_Clang_Qt_5_15_0_for_Android-Debug/android-build/AndroidManifest.xml:39:13-88
89                android:name="android.app.use_local_qt_libs"
89-->build-TestCamera-Android_for_armeabi_v7a_arm64_v8a_x86_x86_64_Clang_Qt_5_15_0_for_Android-Debug/android-build/AndroidManifest.xml:39:24-68
90                android:value="1" />
90-->build-TestCamera-Android_for_armeabi_v7a_arm64_v8a_x86_x86_64_Clang_Qt_5_15_0_for_Android-Debug/android-build/AndroidManifest.xml:39:69-86
91            <meta-data
91-->build-TestCamera-Android_for_armeabi_v7a_arm64_v8a_x86_x86_64_Clang_Qt_5_15_0_for_Android-Debug/android-build/AndroidManifest.xml:40:13-100
92                android:name="android.app.libs_prefix"
92-->build-TestCamera-Android_for_armeabi_v7a_arm64_v8a_x86_x86_64_Clang_Qt_5_15_0_for_Android-Debug/android-build/AndroidManifest.xml:40:24-62
93                android:value="/data/local/tmp/qt/" />
93-->build-TestCamera-Android_for_armeabi_v7a_arm64_v8a_x86_x86_64_Clang_Qt_5_15_0_for_Android-Debug/android-build/AndroidManifest.xml:40:63-98
94            <meta-data
94-->build-TestCamera-Android_for_armeabi_v7a_arm64_v8a_x86_x86_64_Clang_Qt_5_15_0_for_Android-Debug/android-build/AndroidManifest.xml:41:13-122
95                android:name="android.app.load_local_libs_resource_id"
95-->build-TestCamera-Android_for_armeabi_v7a_arm64_v8a_x86_x86_64_Clang_Qt_5_15_0_for_Android-Debug/android-build/AndroidManifest.xml:41:24-78
96                android:resource="@array/load_local_libs" />
96-->build-TestCamera-Android_for_armeabi_v7a_arm64_v8a_x86_x86_64_Clang_Qt_5_15_0_for_Android-Debug/android-build/AndroidManifest.xml:41:79-120
97            <meta-data
97-->build-TestCamera-Android_for_armeabi_v7a_arm64_v8a_x86_x86_64_Clang_Qt_5_15_0_for_Android-Debug/android-build/AndroidManifest.xml:42:13-147
98                android:name="android.app.load_local_jars"
98-->build-TestCamera-Android_for_armeabi_v7a_arm64_v8a_x86_x86_64_Clang_Qt_5_15_0_for_Android-Debug/android-build/AndroidManifest.xml:42:24-66
99                android:value="jar/QtAndroidBearer.jar:jar/QtAndroid.jar:jar/QtMultimedia.jar" />
99-->build-TestCamera-Android_for_armeabi_v7a_arm64_v8a_x86_x86_64_Clang_Qt_5_15_0_for_Android-Debug/android-build/AndroidManifest.xml:42:67-145
100            <meta-data
100-->build-TestCamera-Android_for_armeabi_v7a_arm64_v8a_x86_x86_64_Clang_Qt_5_15_0_for_Android-Debug/android-build/AndroidManifest.xml:43:13-143
101                android:name="android.app.static_init_classes"
101-->build-TestCamera-Android_for_armeabi_v7a_arm64_v8a_x86_x86_64_Clang_Qt_5_15_0_for_Android-Debug/android-build/AndroidManifest.xml:43:24-70
102                android:value="org.qtproject.qt5.android.multimedia.QtMultimediaUtils" />
102-->build-TestCamera-Android_for_armeabi_v7a_arm64_v8a_x86_x86_64_Clang_Qt_5_15_0_for_Android-Debug/android-build/AndroidManifest.xml:43:71-141
103            <!-- Used to specify custom system library path to run with local system libs -->
104            <!-- <meta-data android:name="android.app.system_libs_prefix" android:value="/system/lib/"/> -->
105            <!-- Messages maps -->
106            <meta-data
106-->build-TestCamera-Android_for_armeabi_v7a_arm64_v8a_x86_x86_64_Clang_Qt_5_15_0_for_Android-Debug/android-build/AndroidManifest.xml:47:13-122
107                android:name="android.app.ministro_not_found_msg"
107-->build-TestCamera-Android_for_armeabi_v7a_arm64_v8a_x86_x86_64_Clang_Qt_5_15_0_for_Android-Debug/android-build/AndroidManifest.xml:47:71-120
108                android:value="@string/ministro_not_found_msg" />
108-->build-TestCamera-Android_for_armeabi_v7a_arm64_v8a_x86_x86_64_Clang_Qt_5_15_0_for_Android-Debug/android-build/AndroidManifest.xml:47:24-70
109            <meta-data
109-->build-TestCamera-Android_for_armeabi_v7a_arm64_v8a_x86_x86_64_Clang_Qt_5_15_0_for_Android-Debug/android-build/AndroidManifest.xml:48:13-116
110                android:name="android.app.ministro_needed_msg"
110-->build-TestCamera-Android_for_armeabi_v7a_arm64_v8a_x86_x86_64_Clang_Qt_5_15_0_for_Android-Debug/android-build/AndroidManifest.xml:48:68-114
111                android:value="@string/ministro_needed_msg" />
111-->build-TestCamera-Android_for_armeabi_v7a_arm64_v8a_x86_x86_64_Clang_Qt_5_15_0_for_Android-Debug/android-build/AndroidManifest.xml:48:24-67
112            <meta-data
112-->build-TestCamera-Android_for_armeabi_v7a_arm64_v8a_x86_x86_64_Clang_Qt_5_15_0_for_Android-Debug/android-build/AndroidManifest.xml:49:13-108
113                android:name="android.app.fatal_error_msg"
113-->build-TestCamera-Android_for_armeabi_v7a_arm64_v8a_x86_x86_64_Clang_Qt_5_15_0_for_Android-Debug/android-build/AndroidManifest.xml:49:64-106
114                android:value="@string/fatal_error_msg" />
114-->build-TestCamera-Android_for_armeabi_v7a_arm64_v8a_x86_x86_64_Clang_Qt_5_15_0_for_Android-Debug/android-build/AndroidManifest.xml:49:24-63
115            <meta-data
115-->build-TestCamera-Android_for_armeabi_v7a_arm64_v8a_x86_x86_64_Clang_Qt_5_15_0_for_Android-Debug/android-build/AndroidManifest.xml:50:13-132
116                android:name="android.app.unsupported_android_version"
116-->build-TestCamera-Android_for_armeabi_v7a_arm64_v8a_x86_x86_64_Clang_Qt_5_15_0_for_Android-Debug/android-build/AndroidManifest.xml:50:76-130
117                android:value="@string/unsupported_android_version" />
117-->build-TestCamera-Android_for_armeabi_v7a_arm64_v8a_x86_x86_64_Clang_Qt_5_15_0_for_Android-Debug/android-build/AndroidManifest.xml:50:24-75
118            <!-- Messages maps -->
119
120
121            <!-- Splash screen -->
122            <!--
123                 Orientation-specific (portrait/landscape) data is checked first. If not available for current orientation,
124                 then android.app.splash_screen_drawable. For best results, use together with splash_screen_sticky and
125                 use hideSplashScreen() with a fade-out animation from Qt Android Extras to hide the splash screen when you
126                 are done populating your window with content.
127            -->
128            <!-- meta-data android:name="android.app.splash_screen_drawable_portrait" android:resource="@drawable/logo_portrait" / -->
129            <!-- meta-data android:name="android.app.splash_screen_drawable_landscape" android:resource="@drawable/logo_landscape" / -->
130            <!-- meta-data android:name="android.app.splash_screen_drawable" android:resource="@drawable/logo"/ -->
131            <!-- meta-data android:name="android.app.splash_screen_sticky" android:value="true"/ -->
132            <!-- Splash screen -->
133
134
135            <!-- Background running -->
136            <!--
137                 Warning: changing this value to true may cause unexpected crashes if the
138                          application still try to draw after
139                          "applicationStateChanged(Qt::ApplicationSuspended)"
140                          signal is sent!
141            -->
142            <meta-data
142-->build-TestCamera-Android_for_armeabi_v7a_arm64_v8a_x86_x86_64_Clang_Qt_5_15_0_for_Android-Debug/android-build/AndroidManifest.xml:69:13-93
143                android:name="android.app.background_running"
143-->build-TestCamera-Android_for_armeabi_v7a_arm64_v8a_x86_x86_64_Clang_Qt_5_15_0_for_Android-Debug/android-build/AndroidManifest.xml:69:24-69
144                android:value="false" />
144-->build-TestCamera-Android_for_armeabi_v7a_arm64_v8a_x86_x86_64_Clang_Qt_5_15_0_for_Android-Debug/android-build/AndroidManifest.xml:69:70-91
145            <!-- Background running -->
146
147
148            <!-- auto screen scale factor -->
149            <meta-data
149-->build-TestCamera-Android_for_armeabi_v7a_arm64_v8a_x86_x86_64_Clang_Qt_5_15_0_for_Android-Debug/android-build/AndroidManifest.xml:73:13-99
150                android:name="android.app.auto_screen_scale_factor"
150-->build-TestCamera-Android_for_armeabi_v7a_arm64_v8a_x86_x86_64_Clang_Qt_5_15_0_for_Android-Debug/android-build/AndroidManifest.xml:73:24-75
151                android:value="false" />
151-->build-TestCamera-Android_for_armeabi_v7a_arm64_v8a_x86_x86_64_Clang_Qt_5_15_0_for_Android-Debug/android-build/AndroidManifest.xml:73:76-97
152            <!-- auto screen scale factor -->
153
154
155            <!-- extract android style -->
156            <!--
157                 available android:values :
158                * default - In most cases this will be the same as "full", but it can also be something else if needed, e.g., for compatibility reasons
159                * full - useful QWidget & Quick Controls 1 apps
160                * minimal - useful for Quick Controls 2 apps, it is much faster than "full"
161                * none - useful for apps that don't use any of the above Qt modules
162            -->
163            <meta-data
163-->build-TestCamera-Android_for_armeabi_v7a_arm64_v8a_x86_x86_64_Clang_Qt_5_15_0_for_Android-Debug/android-build/AndroidManifest.xml:83:13-98
164                android:name="android.app.extract_android_style"
164-->build-TestCamera-Android_for_armeabi_v7a_arm64_v8a_x86_x86_64_Clang_Qt_5_15_0_for_Android-Debug/android-build/AndroidManifest.xml:83:24-72
165                android:value="default" />
165-->build-TestCamera-Android_for_armeabi_v7a_arm64_v8a_x86_x86_64_Clang_Qt_5_15_0_for_Android-Debug/android-build/AndroidManifest.xml:83:73-96
166            <!-- extract android style -->
167        </activity>
168
169        <!-- For adding service(s) please check: https://wiki.qt.io/AndroidServices -->
170
171    </application>
172
173</manifest>